<?xml version="1.0"?>
<!DOCTYPE coverage SYSTEM "http://cobertura.sourceforge.net/xml/coverage-04.dtd" [
    <!ELEMENT coverage (sources?, packages)>
    <!ATTLIST coverage line-rate CDATA #REQUIRED>
    <!ATTLIST coverage branch-rate CDATA #REQUIRED>
    <!ATTLIST coverage lines-covered CDATA #REQUIRED>
    <!ATTLIST coverage lines-valid CDATA #REQUIRED>
    <!ATTLIST coverage branches-covered CDATA #REQUIRED>
    <!ATTLIST coverage branches-valid CDATA #REQUIRED>
    <!ATTLIST coverage complexity CDATA #REQUIRED>
    <!ATTLIST coverage version CDATA #REQUIRED>
    <!ATTLIST coverage timestamp CDATA #REQUIRED>
    <!ELEMENT sources (source)*>
    <!ELEMENT source (#PCDATA)>
    <!ELEMENT packages (package)*>
    <!ELEMENT package (classes)>
    <!ATTLIST package name CDATA #REQUIRED>
    <!ATTLIST package line-rate CDATA #REQUIRED>
    <!ATTLIST package branch-rate CDATA #REQUIRED>
    <!ATTLIST package complexity CDATA #REQUIRED>
    <!ELEMENT classes (class)*>
    <!ELEMENT class (methods, lines)>
    <!ATTLIST class name CDATA #REQUIRED>
    <!ATTLIST class filename CDATA #REQUIRED>
    <!ATTLIST class line-rate CDATA #REQUIRED>
    <!ATTLIST class branch-rate CDATA #REQUIRED>
    <!ATTLIST class complexity CDATA #REQUIRED>
    <!ELEMENT methods (method)*>
    <!ELEMENT method (lines)>
    <!ATTLIST method name CDATA #REQUIRED>
    <!ATTLIST method signature CDATA #REQUIRED>
    <!ATTLIST method line-rate CDATA #REQUIRED>
    <!ATTLIST method branch-rate CDATA #REQUIRED>
    <!ATTLIST method complexity CDATA #REQUIRED>
    <!ELEMENT lines (line)*>
    <!ELEMENT line (conditions)*>
    <!ATTLIST line number CDATA #REQUIRED>
    <!ATTLIST line hits CDATA #REQUIRED>
    <!ATTLIST line branch CDATA "false">
    <!ATTLIST line condition-coverage CDATA "100%">
    <!ELEMENT conditions (condition)*>
    <!ELEMENT condition EMPTY>
    <!ATTLIST condition number CDATA #REQUIRED>
    <!ATTLIST condition type CDATA #REQUIRED>
    <!ATTLIST condition coverage CDATA #REQUIRED>
]>

<coverage line-rate="0.003002352440823487" branch-rate="1.0" lines-covered="2259" lines-valid="752410" timestamp="1649115493.59395" version="diff_coverage 0.1" complexity="0.0" branches-valid="1.0" branches-covered="1.0">
    <sources>
        <source>/Users/vagrant/git</source>
    </sources>
    <packages>
        <package name="Demo.App.Auth" line-rate="0.0" branch-rate="1.0" complexity="0.0">
            <class name="Demo.App.Auth.DemoUserToken" filename="Demo/App/Auth/DemoUserToken.swift" line-rate="0.0" branch-rate="1.0" complexity="0.0">
                <lines>
                    <line number="12" branch="false" hits="0"/>
                    <line number="13" branch="false" hits="0"/>
                    <line number="14" branch="false" hits="0"/>
                    <line number="15" branch="false" hits="0"/>
                    <line number="16" branch="false" hits="0"/>
                    <line number="17" branch="false" hits="0"/>
                    <line number="18" branch="false" hits="0"/>
                    <line number="19" branch="false" hits="0"/>
                    <line number="20" branch="false" hits="0"/>
                    <line number="21" branch="false" hits="0"/>
                    <line number="23" branch="false" hits="0"/>
                    <line number="24" branch="false" hits="0"/>
                    <line number="25" branch="false" hits="0"/>
                    <line number="26" branch="false" hits="0"/>
                    <line number="27" branch="false" hits="0"/>
                    <line number="28" branch="false" hits="0"/>
                </lines>
            </class>
            <class name="Demo.App.Auth.DemoUserToken" filename="Demo/App/Auth/DemoUserToken.swift" line-rate="0.0" branch-rate="1.0" complexity="0.0">
                <lines>
                    <line number="12" branch="false" hits="0"/>
                    <line number="13" branch="false" hits="0"/>
                    <line number="14" branch="false" hits="0"/>
                    <line number="15" branch="false" hits="0"/>
                    <line number="16" branch="false" hits="0"/>
                    <line number="17" branch="false" hits="0"/>
                    <line number="18" branch="false" hits="0"/>
                    <line number="19" branch="false" hits="0"/>
                    <line number="20" branch="false" hits="0"/>
                    <line number="21" branch="false" hits="0"/>
                    <line number="23" branch="false" hits="0"/>
                    <line number="24" branch="false" hits="0"/>
                    <line number="25" branch="false" hits="0"/>
                    <line number="26" branch="false" hits="0"/>
                    <line number="27" branch="false" hits="0"/>
                    <line number="28" branch="false" hits="0"/>
                </lines>
            </class>
        </package>
    </packages>
</coverage>
